<?xml version="1.0" encoding="UTF-8"?>
<testng-results skipped="0" failed="0" ignored="0" total="1" passed="1">
  <reporter-output>
  </reporter-output>
  <suite name="Default suite" duration-ms="17917" started-at="2020-02-15T08:14:01Z" finished-at="2020-02-15T08:14:19Z">
    <groups>
    </groups>
    <test name="Default test" duration-ms="17917" started-at="2020-02-15T08:14:01Z" finished-at="2020-02-15T08:14:19Z">
      <class name="downloadFileHandle.GridTestOnFirefox">
        <test-method status="PASS" signature="test()[pri:0, instance:downloadFileHandle.GridTestOnFirefox@26653222]" name="test" duration-ms="17880" started-at="2020-02-15T08:14:01Z" finished-at="2020-02-15T08:14:19Z">
          <reporter-output>
          </reporter-output>
        </test-method> <!-- test -->
      </class> <!-- downloadFileHandle.GridTestOnFirefox -->
    </test> <!-- Default test -->
  </suite> <!-- Default suite -->
</testng-results>
